0 info it worked if it ends with ok
1 verbose cli [ '/usr/local/Cellar/node/6.7.0/bin/node',
1 verbose cli   '/usr/local/bin/npm',
1 verbose cli   'run',
1 verbose cli   'build' ]
2 info using npm@3.10.7
3 info using node@v6.7.0
4 verbose run-script [ 'prebuild', 'build', 'postbuild' ]
5 info lifecycle cypherpunk-vpn-desktop@0.1.0-prototype~prebuild: cypherpunk-vpn-desktop@0.1.0-prototype
6 silly lifecycle cypherpunk-vpn-desktop@0.1.0-prototype~prebuild: no script for prebuild, continuing
7 info lifecycle cypherpunk-vpn-desktop@0.1.0-prototype~build: cypherpunk-vpn-desktop@0.1.0-prototype
8 verbose lifecycle cypherpunk-vpn-desktop@0.1.0-prototype~build: unsafe-perm in lifecycle true
9 verbose lifecycle cypherpunk-vpn-desktop@0.1.0-prototype~build: PATH: /usr/local/lib/node_modules/npm/bin/node-gyp-bin:/Users/ryanuesato/src/cypherpunk-vpn-desktop/client/node_modules/.bin:/usr/local/Cellar/node/6.7.0/bin:/Users/ryanuesato/.rbenv/shims:/Users/ryanuesato/.rbenv/bin:/usr/local/bin:/usr/bin:/bin:/usr/sbin:/sbin:/opt/X11/bin:.git/safe/../../bin:/Users/ryanuesato/.bin:/usr/local/sbin
10 verbose lifecycle cypherpunk-vpn-desktop@0.1.0-prototype~build: CWD: /Users/ryanuesato/src/cypherpunk-vpn-desktop/client
11 silly lifecycle cypherpunk-vpn-desktop@0.1.0-prototype~build: Args: [ '-c', 'gulp build' ]
12 silly lifecycle cypherpunk-vpn-desktop@0.1.0-prototype~build: Returned: code: 1  signal: null
13 info lifecycle cypherpunk-vpn-desktop@0.1.0-prototype~build: Failed to exec build script
14 verbose stack Error: cypherpunk-vpn-desktop@0.1.0-prototype build: `gulp build`
14 verbose stack Exit status 1
14 verbose stack     at EventEmitter.<anonymous> (/usr/local/lib/node_modules/npm/lib/utils/lifecycle.js:255:16)
14 verbose stack     at emitTwo (events.js:106:13)
14 verbose stack     at EventEmitter.emit (events.js:191:7)
14 verbose stack     at ChildProcess.<anonymous> (/usr/local/lib/node_modules/npm/lib/utils/spawn.js:40:14)
14 verbose stack     at emitTwo (events.js:106:13)
14 verbose stack     at ChildProcess.emit (events.js:191:7)
14 verbose stack     at maybeClose (internal/child_process.js:877:16)
14 verbose stack     at Process.ChildProcess._handle.onexit (internal/child_process.js:226:5)
15 verbose pkgid cypherpunk-vpn-desktop@0.1.0-prototype
16 verbose cwd /Users/ryanuesato/src/cypherpunk-vpn-desktop/client
17 error Darwin 15.6.0
18 error argv "/usr/local/Cellar/node/6.7.0/bin/node" "/usr/local/bin/npm" "run" "build"
19 error node v6.7.0
20 error npm  v3.10.7
21 error code ELIFECYCLE
22 error cypherpunk-vpn-desktop@0.1.0-prototype build: `gulp build`
22 error Exit status 1
23 error Failed at the cypherpunk-vpn-desktop@0.1.0-prototype build script 'gulp build'.
23 error Make sure you have the latest version of node.js and npm installed.
23 error If you do, this is most likely a problem with the cypherpunk-vpn-desktop package,
23 error not with npm itself.
23 error Tell the author that this fails on your system:
23 error     gulp build
23 error You can get information on how to open an issue for this project with:
23 error     npm bugs cypherpunk-vpn-desktop
23 error Or if that isn't available, you can get their info via:
23 error     npm owner ls cypherpunk-vpn-desktop
23 error There is likely additional logging output above.
24 verbose exit [ 1, true ]
